#
# A fatal error has been detected by the Java Runtime Environment:
#
#  SIGSEGV (0xb) at pc=0x000000012c8a0685, pid=3351, tid=0x0000000000000307
#
# JRE version: Java(TM) SE Runtime Environment (8.0_191-b12) (build 1.8.0_191-b12)
# Java VM: Java HotSpot(TM) 64-Bit Server VM (25.191-b12 mixed mode bsd-amd64 compressed oops)
# Problematic frame:
# C  [libglass.dylib+0x5685]  -[GlassApplication applicationWillHide:]+0xd5
#
# Failed to write core dump. Core dumps have been disabled. To enable core dumping, try "ulimit -c unlimited" before starting Java again
#
# If you would like to submit a bug report, please visit:
#   http://bugreport.java.com/bugreport/crash.jsp
#

---------------  T H R E A D  ---------------

Current thread is native thread

siginfo: si_signo: 11 (SIGSEGV), si_code: 1 (SEGV_MAPERR), si_addr: 0x0000000000000000

Registers:
RAX=0x00007f863f186490, RBX=0x0000000000000000, RCX=0x0000000000000008, RDX=0x0000000000000000
RSP=0x00007ffee1b837e0, RBP=0x00007ffee1b83c10, RSI=0x00007fff2a066980, RDI=0x00007f863e002088
R8 =0x0000000000000000, R9 =0x00007f863f186490, R10=0x00007fff84f4e1c0, R11=0x00007f863f015260
R12=0x00007fff580a0a00, R13=0x0000000000000000, R14=0x00007f863d457480, R15=0x00007f863f186490
RIP=0x000000012c8a0685, EFLAGS=0x0000000000010202, ERR=0x0000000000000004
  TRAPNO=0x000000000000000e

Top of Stack: (sp=0x00007ffee1b837e0)
0x00007ffee1b837e0:   000000012c8a0625 00007fff2bf8f632
0x00007ffee1b837f0:   00007fff2bf8f5ac 00007fff2bf8f4cd
0x00007ffee1b83800:   00007fff2bf97929 00007fff2beff0ca
0x00007ffee1b83810:   00007fff2befe48d 00007fff2e286a7b
0x00007ffee1b83820:   00007fff294b9738 00007fff294b95a1
0x00007ffee1b83830:   00007fff2b1bfaf9 00007fff2b1bee36
0x00007ffee1b83840:   00007fff2b1dc29d 00007fff2947c856
0x00007ffee1b83850:   00007fff2947b102 00007fff29475165
0x00007ffee1b83860:   000000012f4cdf72 00000001312dd11f
0x00007ffee1b83870:   00007fff2e326bab 00007fff2bf48395
0x00007ffee1b83880:   00007fff2bf4833b 00007fff2bf2bdd1
0x00007ffee1b83890:   00007fff2bf2b37a 00007fff2bf2ac64
0x00007ffee1b838a0:   000000010e07e46e 000000010e07a03c
0x00007ffee1b838b0:   000000010e0804cb 000000010e079894
0x00007ffee1b838c0:   0000000000000005 0000000000000001
0x00007ffee1b838d0:   0000000000000000 00007f863f0e51a0
0x00007ffee1b838e0:   0000000000000000 0000000000000000
0x00007ffee1b838f0:   0000000000000000 0000000000000000
0x00007ffee1b83900:   0000000000000000 0000000000000000
0x00007ffee1b83910:   0000000000000000 0000000000000000
0x00007ffee1b83920:   0000000000000000 00007fff5932e4a4
0x00007ffee1b83930:   0000000000001400 0000000000000005
0x00007ffee1b83940:   000000010e095080 000000010e097a00
0x00007ffee1b83950:   000000010e098e00 0000000000001400
0x00007ffee1b83960:   00007ffee1b83a10 00007fff5932e0bb
0x00007ffee1b83970:   0000000000000001 fd00000070001002
0x00007ffee1b83980:   00007ffee1b8ffff 00007fff580a8d45
0x00007ffee1b83990:   ffff8079c2ba5340 00007f863dc78280
0x00007ffee1b839a0:   00007f863e002070 0000000000001400
0x00007ffee1b839b0:   a3a3a3a3a3a3a3a3 000000010e097a00
0x00007ffee1b839c0:   00007f863e002068 00007f863e002000
0x00007ffee1b839d0:   00007ffee1b83e20 0000000000000005 

Instructions: (pc=0x000000012c8a0685)
0x000000012c8a0665:   8b 35 3d 9e 03 00 4c 8b 25 0e 1b 03 00 41 ff d4
0x000000012c8a0675:   48 8b 35 dc 9d 03 00 48 89 c7 41 ff d4 49 89 c7
0x000000012c8a0685:   48 8b 03 4c 8b a8 e8 01 00 00 48 8b 05 0a b3 03
0x000000012c8a0695:   00 4d 8b 34 06 48 8b 3d 3f b0 03 00 48 8b 35 38 

Register to memory mapping:

RAX=0x00007f863f186490 is an unknown value
RBX=0x0000000000000000 is an unknown value
RCX=0x0000000000000008 is an unknown value
RDX=0x0000000000000000 is an unknown value
RSP=0x00007ffee1b837e0 is an unknown value
RBP=0x00007ffee1b83c10 is an unknown value
RSI=0x00007fff2a066980: GCC_except_table7+0x44 in /System/Library/Frameworks/AppKit.framework/Versions/C/AppKit at 0x00007fff29461000
RDI=0x00007f863e002088 is an unknown value
R8 =0x0000000000000000 is an unknown value
R9 =0x00007f863f186490 is an unknown value
R10=0x00007fff84f4e1c0: OBJC_CLASS_$_NSAutoreleasePool+0 in /System/Library/Frameworks/Foundation.framework/Versions/C/Foundation at 0x00007fff2e275000
R11=0x00007f863f015260 is an unknown value
R12=0x00007fff580a0a00: objc_msgSend+0 in /usr/lib/libobjc.A.dylib at 0x00007fff58099000
R13=0x0000000000000000 is an unknown value
R14=0x00007f863d457480 is an unknown value
R15=0x00007f863f186490 is an unknown value


Stack: [0x00007ffee1388000,0x00007ffee1b88000],  sp=0x00007ffee1b837e0,  free space=8173k
Native frames: (J=compiled Java code, j=interpreted, Vv=VM code, C=native code)
C  [libglass.dylib+0x5685]  -[GlassApplication applicationWillHide:]+0xd5
C  [CoreFoundation+0x9f632]  __CFNOTIFICATIONCENTER_IS_CALLING_OUT_TO_AN_OBSERVER__+0xc
C  [CoreFoundation+0x9f5ac]  ___CFXRegistrationPost_block_invoke+0x3f
C  [CoreFoundation+0x9f4cd]  _CFXRegistrationPost+0x18e
C  [CoreFoundation+0xa7929]  ___CFXNotificationPost_block_invoke+0x57
C  [CoreFoundation+0xf0ca]  -[_CFXNotificationRegistrar find:object:observer:enumerator:]+0x661
C  [CoreFoundation+0xe48d]  _CFXNotificationPost+0x2e6
C  [Foundation+0x11a7b]  -[NSNotificationCenter postNotificationName:object:userInfo:]+0x42
C  [AppKit+0x58738]  -[NSApplication _doHideMaybeFakingIt:]+0x111
C  [AppKit+0x585a1]  _hideShowHandler+0x89
C  [HIToolbox+0x8af9]  _ZL23DispatchEventToHandlersP14EventTargetRecP14OpaqueEventRefP14HandlerCallRec+0x5de
C  [HIToolbox+0x7e36]  _ZL30SendEventToEventTargetInternalP14OpaqueEventRefP20OpaqueEventTargetRefP14HandlerCallRec+0x173
C  [HIToolbox+0x2529d]  SendEventToEventTarget+0x27
C  [AppKit+0x1b856]  _DPSNextEvent+0x8d8
C  [AppKit+0x1a102]  -[NSApplication(NSEvent) _nextEventMatchingEventMask:untilDate:inMode:dequeue:]+0x552
C  [AppKit+0x14165]  -[NSApplication run]+0x2bb
C  [libosxapp.dylib+0x1f72]  +[NSApplicationAWT runAWTLoopWithApp:]+0x9c
C  [libawt_lwawt.dylib+0x4711f]  -[AWTStarter starter:]+0x389
C  [Foundation+0xb1bab]  __NSThreadPerformPerform+0x147
C  [CoreFoundation+0x58395]  __CFRUNLOOP_IS_CALLING_OUT_TO_A_SOURCE0_PERFORM_FUNCTION__+0x11
C  [CoreFoundation+0x5833b]  __CFRunLoopDoSource0+0x6c
C  [CoreFoundation+0x3bdd1]  __CFRunLoopDoSources0+0xc3
C  [CoreFoundation+0x3b37a]  __CFRunLoopRun+0x4c3
C  [CoreFoundation+0x3ac64]  CFRunLoopRunSpecific+0x1cf
C  [java+0x646e]  CreateExecutionEnvironment+0x367
C  [java+0x203c]  JLI_Launch+0x7a0
C  [java+0x84cb]  main+0x65
C  [java+0x1894]  start+0x34


---------------  P R O C E S S  ---------------

VM state:not at safepoint (normal execution)

VM Mutex/Monitor currently owned by a thread: None

Heap:
 PSYoungGen      total 76288K, used 38772K [0x000000076ab00000, 0x0000000770000000, 0x00000007c0000000)
  eden space 65536K, 42% used [0x000000076ab00000,0x000000076c661370,0x000000076eb00000)
  from space 10752K, 99% used [0x000000076eb00000,0x000000076f57be70,0x000000076f580000)
  to   space 10752K, 0% used [0x000000076f580000,0x000000076f580000,0x0000000770000000)
 ParOldGen       total 175104K, used 5138K [0x00000006c0000000, 0x00000006cab00000, 0x000000076ab00000)
  object space 175104K, 2% used [0x00000006c0000000,0x00000006c0504ba0,0x00000006cab00000)
 Metaspace       used 18875K, capacity 19836K, committed 19968K, reserved 1067008K
  class space    used 2578K, capacity 2797K, committed 2816K, reserved 1048576K

Card table byte_map: [0x0000000110d74000,0x0000000111575000] byte_map_base: 0x000000010d774000

Marking Bits: (ParMarkBitMap*) 0x00000001102f9e00
 Begin Bits: [0x0000000120c33000, 0x0000000124c33000)
 End Bits:   [0x0000000124c33000, 0x0000000128c33000)

Polling page: 0x000000010e0f1000

CodeCache: size=245760Kb used=9010Kb max_used=9021Kb free=236750Kb
 bounds [0x00000001116dd000, 0x0000000111fbd000, 0x00000001206dd000]
 total_blobs=3557 nmethods=2897 adapters=573
 compilation: enabled

Compilation events (10 events):
Event: 47.464 Thread 0x00007f863e801000 2923       3       sun.reflect.ReflectionFactory::copyConstructor (10 bytes)
Event: 47.465 Thread 0x00007f863e801000 nmethod 2923 0x0000000111fa8950 code [0x0000000111fa8ae0, 0x0000000111fa8ec8]
Event: 47.465 Thread 0x00007f863e801000 2924       3       java.lang.reflect.ReflectAccess::copyConstructor (5 bytes)
Event: 47.465 Thread 0x00007f863e801000 nmethod 2924 0x0000000111fa9090 code [0x0000000111fa9200, 0x0000000111fa9408]
Event: 47.465 Thread 0x00007f863e801000 2925       3       java.lang.reflect.Constructor::copy (72 bytes)
Event: 47.465 Thread 0x00007f863e801000 nmethod 2925 0x0000000111fa94d0 code [0x0000000111fa9660, 0x0000000111fa99d8]
Event: 47.465 Thread 0x00007f863e801000 2926       3       java.io.DataOutputStream::writeUTF (435 bytes)
Event: 47.466 Thread 0x00007f863e801000 nmethod 2926 0x0000000111fa9ad0 code [0x0000000111fa9de0, 0x0000000111fab9e8]
Event: 47.467 Thread 0x00007f864006a800 2927   !   4       java.lang.ref.ReferenceQueue::poll (28 bytes)
Event: 47.469 Thread 0x00007f864006a800 nmethod 2927 0x0000000111faf790 code [0x0000000111faf8e0, 0x0000000111fafc18]

GC Heap History (2 events):
Event: 25.597 GC heap before
{Heap before GC invocations=1 (full 0):
 PSYoungGen      total 76288K, used 59087K [0x000000076ab00000, 0x0000000770000000, 0x00000007c0000000)
  eden space 65536K, 90% used [0x000000076ab00000,0x000000076e4b3cb8,0x000000076eb00000)
  from space 10752K, 0% used [0x000000076f580000,0x000000076f580000,0x0000000770000000)
  to   space 10752K, 0% used [0x000000076eb00000,0x000000076eb00000,0x000000076f580000)
 ParOldGen       total 175104K, used 0K [0x00000006c0000000, 0x00000006cab00000, 0x000000076ab00000)
  object space 175104K, 0% used [0x00000006c0000000,0x00000006c0000000,0x00000006cab00000)
 Metaspace       used 17554K, capacity 18328K, committed 18560K, reserved 1064960K
  class space    used 2453K, capacity 2613K, committed 2688K, reserved 1048576K
Event: 25.606 GC heap after
Heap after GC invocations=1 (full 0):
 PSYoungGen      total 76288K, used 10735K [0x000000076ab00000, 0x0000000770000000, 0x00000007c0000000)
  eden space 65536K, 0% used [0x000000076ab00000,0x000000076ab00000,0x000000076eb00000)
  from space 10752K, 99% used [0x000000076eb00000,0x000000076f57be70,0x000000076f580000)
  to   space 10752K, 0% used [0x000000076f580000,0x000000076f580000,0x0000000770000000)
 ParOldGen       total 175104K, used 5138K [0x00000006c0000000, 0x00000006cab00000, 0x000000076ab00000)
  object space 175104K, 2% used [0x00000006c0000000,0x00000006c0504ba0,0x00000006cab00000)
 Metaspace       used 17554K, capacity 18328K, committed 18560K, reserved 1064960K
  class space    used 2453K, capacity 2613K, committed 2688K, reserved 1048576K
}

Deoptimization events (10 events):
Event: 25.750 Thread 0x00007f863d8de000 Uncommon trap: reason=class_check action=maybe_recompile pc=0x0000000111c6a270 method=javafx.scene.CssStyleHelper.getStyle(Ljavafx/css/Styleable;Ljava/lang/String;Lcom/sun/javafx/css/StyleMap;Ljava/util/Set;)Lcom/sun/javafx/css/CascadingStyle; @ 140
Event: 25.750 Thread 0x00007f863d8de000 Uncommon trap: reason=class_check action=maybe_recompile pc=0x0000000111c8eab8 method=com.sun.javafx.css.StyleMap.getCascadingStyles()Ljava/util/Map; @ 77
Event: 25.750 Thread 0x00007f863d8de000 Uncommon trap: reason=class_check action=maybe_recompile pc=0x0000000111c6a270 method=javafx.scene.CssStyleHelper.getStyle(Ljavafx/css/Styleable;Ljava/lang/String;Lcom/sun/javafx/css/StyleMap;Ljava/util/Set;)Lcom/sun/javafx/css/CascadingStyle; @ 140
Event: 25.760 Thread 0x00007f863d8de000 Uncommon trap: reason=array_check action=maybe_recompile pc=0x0000000111dff484 method=com.sun.javafx.css.SimpleSelector.applies(Ljavafx/css/Styleable;[Ljava/util/Set;I)Z @ 37
Event: 25.760 Thread 0x00007f863d8de000 Uncommon trap: reason=array_check action=maybe_recompile pc=0x0000000111dff484 method=com.sun.javafx.css.SimpleSelector.applies(Ljavafx/css/Styleable;[Ljava/util/Set;I)Z @ 37
Event: 25.760 Thread 0x00007f863d8de000 Uncommon trap: reason=array_check action=maybe_recompile pc=0x0000000111dff484 method=com.sun.javafx.css.SimpleSelector.applies(Ljavafx/css/Styleable;[Ljava/util/Set;I)Z @ 37
Event: 25.760 Thread 0x00007f863d8de000 Uncommon trap: reason=array_check action=maybe_recompile pc=0x0000000111dff484 method=com.sun.javafx.css.SimpleSelector.applies(Ljavafx/css/Styleable;[Ljava/util/Set;I)Z @ 37
Event: 25.772 Thread 0x00007f863d8de000 Uncommon trap: reason=unstable_if action=reinterpret pc=0x0000000111d1e938 method=javafx.scene.Node.updateLocalToParentTransform()V @ 152
Event: 32.174 Thread 0x00007f863d8de000 Uncommon trap: reason=unstable_if action=reinterpret pc=0x0000000111ec445c method=javafx.scene.Node.impl_pickNode(Lcom/sun/javafx/geom/PickRay;Lcom/sun/javafx/scene/input/PickResultChooser;)V @ 11
Event: 32.182 Thread 0x00007f863d8de000 Uncommon trap: reason=unstable_if action=reinterpret pc=0x0000000111eae8a8 method=javafx.scene.Node.impl_pickNode(Lcom/sun/javafx/geom/PickRay;Lcom/sun/javafx/scene/input/PickResultChooser;)V @ 11

Classes redefined (0 events):
No events

Internal exceptions (10 events):
Event: 0.438 Thread 0x00007f863d8de000 Exception <a 'java/io/FileNotFoundException'> (0x000000076bcca560) thrown at [/Users/java_re/workspace/8-2-build-macosx-x86_64/jdk8u191/11896/hotspot/src/share/vm/prims/jni.cpp, line 709]
Event: 0.477 Thread 0x00007f863d8de000 Exception <a 'java/lang/ArrayIndexOutOfBoundsException': 58> (0x000000076bfb8fa8) thrown at [/Users/java_re/workspace/8-2-build-macosx-x86_64/jdk8u191/11896/hotspot/src/share/vm/interpreter/interpreterRuntime.cpp, line 366]
Event: 0.477 Thread 0x00007f863d8de000 Exception <a 'java/lang/ArrayIndexOutOfBoundsException': 18> (0x000000076bfb9c48) thrown at [/Users/java_re/workspace/8-2-build-macosx-x86_64/jdk8u191/11896/hotspot/src/share/vm/interpreter/interpreterRuntime.cpp, line 366]
Event: 0.477 Thread 0x00007f863d8de000 Exception <a 'java/lang/ArrayIndexOutOfBoundsException': 86> (0x000000076bfbaff0) thrown at [/Users/java_re/workspace/8-2-build-macosx-x86_64/jdk8u191/11896/hotspot/src/share/vm/interpreter/interpreterRuntime.cpp, line 366]
Event: 0.735 Thread 0x00007f863d8de000 Implicit null exception at 0x00000001119a0d35 to 0x00000001119a0f6d
Event: 17.363 Thread 0x00007f863d8de000 Exception <a 'java/io/FileNotFoundException'> (0x000000076d12c3d8) thrown at [/Users/java_re/workspace/8-2-build-macosx-x86_64/jdk8u191/11896/hotspot/src/share/vm/prims/jni.cpp, line 709]
Event: 23.378 Thread 0x00007f863d8de000 Exception <a 'java/lang/NoSuchMethodError': <clinit>> (0x000000076db87698) thrown at [/Users/java_re/workspace/8-2-build-macosx-x86_64/jdk8u191/11896/hotspot/src/share/vm/prims/jni.cpp, line 1613]
Event: 23.389 Thread 0x00007f863d8de000 Exception <a 'java/io/FileNotFoundException'> (0x000000076dbdfd78) thrown at [/Users/java_re/workspace/8-2-build-macosx-x86_64/jdk8u191/11896/hotspot/src/share/vm/prims/jni.cpp, line 709]
Event: 24.737 Thread 0x00007f863d8de000 Exception <a 'java/io/FileNotFoundException'> (0x000000076e101f60) thrown at [/Users/java_re/workspace/8-2-build-macosx-x86_64/jdk8u191/11896/hotspot/src/share/vm/prims/jni.cpp, line 709]
Event: 25.596 Thread 0x00007f863d8de000 Exception <a 'java/io/FileNotFoundException'> (0x000000076e44f3b0) thrown at [/Users/java_re/workspace/8-2-build-macosx-x86_64/jdk8u191/11896/hotspot/src/share/vm/prims/jni.cpp, line 709]

Events (10 events):
Event: 47.476 loading class java/lang/ProcessEnvironment$Variable
Event: 47.476 loading class java/lang/ProcessEnvironment$ExternalData
Event: 47.476 loading class java/lang/ProcessEnvironment$ExternalData done
Event: 47.476 loading class java/lang/ProcessEnvironment$Variable done
Event: 47.476 loading class java/lang/ProcessEnvironment$Value
Event: 47.476 loading class java/lang/ProcessEnvironment$Value done
Event: 47.476 loading class java/lang/ProcessEnvironment$StringEnvironment
Event: 47.476 loading class java/lang/ProcessEnvironment$StringEnvironment done
Event: 47.476 loading class java/util/Collections$UnmodifiableMap
Event: 47.476 loading class java/util/Collections$UnmodifiableMap done


Dynamic libraries:
0x00007fff2b6cd000 	/System/Library/Frameworks/Cocoa.framework/Versions/A/Cocoa
0x00007fff3798c000 	/System/Library/Frameworks/Security.framework/Versions/A/Security
0x00007fff2a2d4000 	/System/Library/Frameworks/ApplicationServices.framework/Versions/A/ApplicationServices
0x00007fff58f7c000 	/usr/lib/libz.1.dylib
0x00007fff565f1000 	/usr/lib/libSystem.B.dylib
0x00007fff58099000 	/usr/lib/libobjc.A.dylib
0x00007fff2bef0000 	/System/Library/Frameworks/CoreFoundation.framework/Versions/A/CoreFoundation
0x00007fff2e275000 	/System/Library/Frameworks/Foundation.framework/Versions/C/Foundation
0x00007fff29461000 	/System/Library/Frameworks/AppKit.framework/Versions/C/AppKit
0x00007fff2ba64000 	/System/Library/Frameworks/CoreData.framework/Versions/A/CoreData
0x00007fff4f7bf000 	/System/Library/PrivateFrameworks/RemoteViewServices.framework/Versions/A/RemoteViewServices
0x00007fff542bf000 	/System/Library/PrivateFrameworks/UIFoundation.framework/Versions/A/UIFoundation
0x00007fff55a77000 	/System/Library/PrivateFrameworks/XCTTargetBootstrap.framework/Versions/A/XCTTargetBootstrap
0x00007fff4a2c1000 	/System/Library/PrivateFrameworks/IconServices.framework/Versions/A/IconServices
0x00007fff30b3f000 	/System/Library/Frameworks/Metal.framework/Versions/A/Metal
0x00007fff414c3000 	/System/Library/PrivateFrameworks/DesktopServicesPriv.framework/Versions/A/DesktopServicesPriv
0x00007fff573ac000 	/usr/lib/libenergytrace.dylib
0x00007fff52030000 	/System/Library/PrivateFrameworks/SkyLight.framework/Versions/A/SkyLight
0x00007fff2c33f000 	/System/Library/Frameworks/CoreGraphics.framework/Versions/A/CoreGraphics
0x00007fff2821c000 	/System/Library/Frameworks/Accelerate.framework/Versions/A/Accelerate
0x00007fff2e9ff000 	/System/Library/Frameworks/IOSurface.framework/Versions/A/IOSurface
0x00007fff41325000 	/System/Library/PrivateFrameworks/DFRFoundation.framework/Versions/A/DFRFoundation
0x00007fff2a7d9000 	/System/Library/Frameworks/AudioToolbox.framework/Versions/A/AudioToolbox
0x00007fff2aa78000 	/System/Library/Frameworks/AudioUnit.framework/Versions/A/AudioUnit
0x00007fff413bc000 	/System/Library/PrivateFrameworks/DataDetectorsCore.framework/Versions/A/DataDetectorsCore
0x00007fff2b1b7000 	/System/Library/Frameworks/Carbon.framework/Versions/A/Frameworks/HIToolbox.framework/Versions/A/HIToolbox
0x00007fff57507000 	/usr/lib/libicucore.A.dylib
0x00007fff36edf000 	/System/Library/Frameworks/QuartzCore.framework/Versions/A/QuartzCore
0x00007fff2b59e000 	/System/Library/Frameworks/Carbon.framework/Versions/A/Frameworks/SpeechRecognition.framework/Versions/A/SpeechRecognition
0x00007fff56754000 	/usr/lib/libauto.dylib
0x00007fff58e6f000 	/usr/lib/libxml2.2.dylib
0x00007fff40f24000 	/System/Library/PrivateFrameworks/CoreUI.framework/Versions/A/CoreUI
0x00007fff2b942000 	/System/Library/Frameworks/CoreAudio.framework/Versions/A/CoreAudio
0x00007fff2e0a7000 	/System/Library/Frameworks/DiskArbitration.framework/Versions/A/DiskArbitration
0x00007fff577b7000 	/usr/lib/liblangid.dylib
0x00007fff4b772000 	/System/Library/PrivateFrameworks/MultitouchSupport.framework/Versions/A/MultitouchSupport
0x00007fff2e96a000 	/System/Library/Frameworks/IOKit.framework/Versions/A/IOKit
0x00007fff5623f000 	/usr/lib/libDiagnosticMessagesClient.dylib
0x00007fff2d1ad000 	/System/Library/Frameworks/CoreServices.framework/Versions/A/CoreServices
0x00007fff4d4a8000 	/System/Library/PrivateFrameworks/PerformanceAnalysis.framework/Versions/A/PerformanceAnalysis
0x00007fff36074000 	/System/Library/Frameworks/OpenGL.framework/Versions/A/OpenGL
0x00007fff2b6db000 	/System/Library/Frameworks/ColorSync.framework/Versions/A/ColorSync
0x00007fff2c9ce000 	/System/Library/Frameworks/CoreImage.framework/Versions/A/CoreImage
0x00007fff2dbf0000 	/System/Library/Frameworks/CoreText.framework/Versions/A/CoreText
0x00007fff2ea60000 	/System/Library/Frameworks/ImageIO.framework/Versions/A/ImageIO
0x00007fff3d55f000 	/System/Library/PrivateFrameworks/Backup.framework/Versions/A/Backup
0x00007fff566a7000 	/usr/lib/libarchive.2.dylib
0x00007fff2addc000 	/System/Library/Frameworks/CFNetwork.framework/Versions/A/CFNetwork
0x00007fff38137000 	/System/Library/Frameworks/SystemConfiguration.framework/Versions/A/SystemConfiguration
0x00007fff56168000 	/usr/lib/libCRFSuite.dylib
0x00007fff5684b000 	/usr/lib/libc++.1.dylib
0x00007fff568a3000 	/usr/lib/libc++abi.dylib
0x00007fff58fff000 	/usr/lib/system/libcache.dylib
0x00007fff59004000 	/usr/lib/system/libcommonCrypto.dylib
0x00007fff5900f000 	/usr/lib/system/libcompiler_rt.dylib
0x00007fff59017000 	/usr/lib/system/libcopyfile.dylib
0x00007fff59021000 	/usr/lib/system/libcorecrypto.dylib
0x00007fff5912c000 	/usr/lib/system/libdispatch.dylib
0x00007fff59167000 	/usr/lib/system/libdyld.dylib
0x00007fff59197000 	/usr/lib/system/libkeymgr.dylib
0x00007fff591a5000 	/usr/lib/system/liblaunch.dylib
0x00007fff591a6000 	/usr/lib/system/libmacho.dylib
0x00007fff591ac000 	/usr/lib/system/libquarantine.dylib
0x00007fff591af000 	/usr/lib/system/libremovefile.dylib
0x00007fff591b1000 	/usr/lib/system/libsystem_asl.dylib
0x00007fff591c9000 	/usr/lib/system/libsystem_blocks.dylib
0x00007fff591ca000 	/usr/lib/system/libsystem_c.dylib
0x00007fff59253000 	/usr/lib/system/libsystem_configuration.dylib
0x00007fff59257000 	/usr/lib/system/libsystem_coreservices.dylib
0x00007fff5925b000 	/usr/lib/system/libsystem_darwin.dylib
0x00007fff59262000 	/usr/lib/system/libsystem_dnssd.dylib
0x00007fff59269000 	/usr/lib/system/libsystem_info.dylib
0x00007fff592df000 	/usr/lib/system/libsystem_m.dylib
0x00007fff5932b000 	/usr/lib/system/libsystem_malloc.dylib
0x00007fff59350000 	/usr/lib/system/libsystem_networkextension.dylib
0x00007fff5935c000 	/usr/lib/system/libsystem_notify.dylib
0x00007fff59379000 	/usr/lib/system/libsystem_sandbox.dylib
0x00007fff5937d000 	/usr/lib/system/libsystem_secinit.dylib
0x00007fff592b6000 	/usr/lib/system/libsystem_kernel.dylib
0x00007fff59364000 	/usr/lib/system/libsystem_platform.dylib
0x00007fff5936e000 	/usr/lib/system/libsystem_pthread.dylib
0x00007fff59380000 	/usr/lib/system/libsystem_symptoms.dylib
0x00007fff59388000 	/usr/lib/system/libsystem_trace.dylib
0x00007fff5939f000 	/usr/lib/system/libunwind.dylib
0x00007fff593a5000 	/usr/lib/system/libxpc.dylib
0x00007fff5682b000 	/usr/lib/libbsm.0.dylib
0x00007fff59198000 	/usr/lib/system/libkxld.dylib
0x00007fff3c80c000 	/System/Library/PrivateFrameworks/AppleFSCompression.framework/Versions/A/AppleFSCompression
0x00007fff564b0000 	/usr/lib/libOpenScriptingUtil.dylib
0x00007fff56b8e000 	/usr/lib/libcoretls.dylib
0x00007fff56ba5000 	/usr/lib/libcoretls_cfhelpers.dylib
0x00007fff58832000 	/usr/lib/libpam.2.dylib
0x00007fff589f5000 	/usr/lib/libsqlite3.dylib
0x00007fff58e5d000 	/usr/lib/libxar.1.dylib
0x00007fff5683c000 	/usr/lib/libbz2.1.0.dylib
0x00007fff577b9000 	/usr/lib/liblzma.5.dylib
0x00007fff57caf000 	/usr/lib/libnetwork.dylib
0x00007fff56690000 	/usr/lib/libapple_nghttp2.dylib
0x00007fff58839000 	/usr/lib/libpcap.A.dylib
0x00007fff2d551000 	/System/Library/Frameworks/CoreServices.framework/Versions/A/Frameworks/FSEvents.framework/Versions/A/FSEvents
0x00007fff2d22d000 	/System/Library/Frameworks/CoreServices.framework/Versions/A/Frameworks/CarbonCore.framework/Versions/A/CarbonCore
0x00007fff2d726000 	/System/Library/Frameworks/CoreServices.framework/Versions/A/Frameworks/Metadata.framework/Versions/A/Metadata
0x00007fff2d7c9000 	/System/Library/Frameworks/CoreServices.framework/Versions/A/Frameworks/OSServices.framework/Versions/A/OSServices
0x00007fff2d815000 	/System/Library/Frameworks/CoreServices.framework/Versions/A/Frameworks/SearchKit.framework/Versions/A/SearchKit
0x00007fff2d1ae000 	/System/Library/Frameworks/CoreServices.framework/Versions/A/Frameworks/AE.framework/Versions/A/AE
0x00007fff2d55a000 	/System/Library/Frameworks/CoreServices.framework/Versions/A/Frameworks/LaunchServices.framework/Versions/A/LaunchServices
0x00007fff2d506000 	/System/Library/Frameworks/CoreServices.framework/Versions/A/Frameworks/DictionaryServices.framework/Versions/A/DictionaryServices
0x00007fff2d884000 	/System/Library/Frameworks/CoreServices.framework/Versions/A/Frameworks/SharedFileList.framework/Versions/A/SharedFileList
0x00007fff32005000 	/System/Library/Frameworks/NetFS.framework/Versions/A/NetFS
0x00007fff4ba0f000 	/System/Library/PrivateFrameworks/NetAuth.framework/Versions/A/NetAuth
0x00007fff55eab000 	/System/Library/PrivateFrameworks/login.framework/Versions/A/Frameworks/loginsupport.framework/Versions/A/loginsupport
0x00007fff53eb7000 	/System/Library/PrivateFrameworks/TCC.framework/Versions/A/TCC
0x00007fff4052c000 	/System/Library/PrivateFrameworks/CoreNLP.framework/Versions/A/CoreNLP
0x00007fff4b462000 	/System/Library/PrivateFrameworks/MetadataUtilities.framework/Versions/A/MetadataUtilities
0x00007fff5789a000 	/usr/lib/libmecabra.dylib
0x00007fff2a2d5000 	/System/Library/Frameworks/ApplicationServices.framework/Versions/A/Frameworks/ATS.framework/Versions/A/ATS
0x00007fff2a640000 	/System/Library/Frameworks/ApplicationServices.framework/Versions/A/Frameworks/ColorSyncLegacy.framework/Versions/A/ColorSyncLegacy
0x00007fff2a6e1000 	/System/Library/Frameworks/ApplicationServices.framework/Versions/A/Frameworks/HIServices.framework/Versions/A/HIServices
0x00007fff2a734000 	/System/Library/Frameworks/ApplicationServices.framework/Versions/A/Frameworks/LangAnalysis.framework/Versions/A/LangAnalysis
0x00007fff2a743000 	/System/Library/Frameworks/ApplicationServices.framework/Versions/A/Frameworks/PrintCore.framework/Versions/A/PrintCore
0x00007fff2a790000 	/System/Library/Frameworks/ApplicationServices.framework/Versions/A/Frameworks/QD.framework/Versions/A/QD
0x00007fff2a7cc000 	/System/Library/Frameworks/ApplicationServices.framework/Versions/A/Frameworks/SpeechSynthesis.framework/Versions/A/SpeechSynthesis
0x00007fff568cb000 	/usr/lib/libcompression.dylib
0x00007fff2be06000 	/System/Library/Frameworks/CoreDisplay.framework/Versions/A/CoreDisplay
0x00007fff30e07000 	/System/Library/Frameworks/MetalPerformanceShaders.framework/Versions/A/MetalPerformanceShaders
0x00007fff28234000 	/System/Library/Frameworks/Accelerate.framework/Versions/A/Frameworks/vImage.framework/Versions/A/vImage
0x00007fff292b0000 	/System/Library/Frameworks/Accelerate.framework/Versions/A/Frameworks/vecLib.framework/Versions/A/vecLib
0x00007fff291fa000 	/System/Library/Frameworks/Accelerate.framework/Versions/A/Frameworks/vecLib.framework/Versions/A/libvMisc.dylib
0x00007fff29015000 	/System/Library/Frameworks/Accelerate.framework/Versions/A/Frameworks/vecLib.framework/Versions/A/libvDSP.dylib
0x00007fff288d5000 	/System/Library/Frameworks/Accelerate.framework/Versions/A/Frameworks/vecLib.framework/Versions/A/libBLAS.dylib
0x00007fff28bc0000 	/System/Library/Frameworks/Accelerate.framework/Versions/A/Frameworks/vecLib.framework/Versions/A/libLAPACK.dylib
0x00007fff28f67000 	/System/Library/Frameworks/Accelerate.framework/Versions/A/Frameworks/vecLib.framework/Versions/A/libLinearAlgebra.dylib
0x00007fff29001000 	/System/Library/Frameworks/Accelerate.framework/Versions/A/Frameworks/vecLib.framework/Versions/A/libSparseBLAS.dylib
0x00007fff28f7d000 	/System/Library/Frameworks/Accelerate.framework/Versions/A/Frameworks/vecLib.framework/Versions/A/libQuadrature.dylib
0x00007fff28b4d000 	/System/Library/Frameworks/Accelerate.framework/Versions/A/Frameworks/vecLib.framework/Versions/A/libBNNS.dylib
0x00007fff28f83000 	/System/Library/Frameworks/Accelerate.framework/Versions/A/Frameworks/vecLib.framework/Versions/A/libSparse.dylib
0x00007fff47a53000 	/System/Library/PrivateFrameworks/GPUWrangler.framework/Versions/A/GPUWrangler
0x00007fff49e88000 	/System/Library/PrivateFrameworks/IOAccelerator.framework/Versions/A/IOAccelerator
0x00007fff49e93000 	/System/Library/PrivateFrameworks/IOPresentment.framework/Versions/A/IOPresentment
0x00007fff41335000 	/System/Library/PrivateFrameworks/DSExternalDisplay.framework/Versions/A/DSExternalDisplay
0x00007fff354b9000 	/System/Library/Frameworks/OpenGL.framework/Versions/A/Libraries/libCoreFSCache.dylib
0x00007fff30bef000 	/System/Library/Frameworks/MetalPerformanceShaders.framework/Frameworks/MPSCore.framework/Versions/A/MPSCore
0x00007fff30c10000 	/System/Library/Frameworks/MetalPerformanceShaders.framework/Frameworks/MPSImage.framework/Versions/A/MPSImage
0x00007fff30cb8000 	/System/Library/Frameworks/MetalPerformanceShaders.framework/Frameworks/MPSNeuralNetwork.framework/Versions/A/MPSNeuralNetwork
0x00007fff30c8f000 	/System/Library/Frameworks/MetalPerformanceShaders.framework/Frameworks/MPSMatrix.framework/Versions/A/MPSMatrix
0x00007fff30deb000 	/System/Library/Frameworks/MetalPerformanceShaders.framework/Frameworks/MPSRayIntersector.framework/Versions/A/MPSRayIntersector
0x00007fff4b48b000 	/System/Library/PrivateFrameworks/MetalTools.framework/Versions/A/MetalTools
0x00007fff3bf06000 	/System/Library/PrivateFrameworks/AggregateDictionary.framework/Versions/A/AggregateDictionary
0x00007fff56490000 	/usr/lib/libMobileGestalt.dylib
0x00007fff2dd56000 	/System/Library/Frameworks/CoreVideo.framework/Versions/A/CoreVideo
0x00007fff488c3000 	/System/Library/PrivateFrameworks/GraphVisualizer.framework/Versions/A/GraphVisualizer
0x00007fff4265e000 	/System/Library/PrivateFrameworks/FaceCore.framework/Versions/A/FaceCore
0x00007fff34ad1000 	/System/Library/Frameworks/OpenCL.framework/Versions/A/OpenCL
0x00007fff56277000 	/usr/lib/libFosl_dynamic.dylib
0x00007fff4c2e7000 	/System/Library/PrivateFrameworks/OTSVG.framework/Versions/A/OTSVG
0x00007fff2a3d9000 	/System/Library/Frameworks/ApplicationServices.framework/Versions/A/Frameworks/ATS.framework/Versions/A/Resources/libFontParser.dylib
0x00007fff2a4f9000 	/System/Library/Frameworks/ApplicationServices.framework/Versions/A/Frameworks/ATS.framework/Versions/A/Resources/libFontRegistry.dylib
0x00007fff2ecea000 	/System/Library/Frameworks/ImageIO.framework/Versions/A/Resources/libJPEG.dylib
0x00007fff2f00c000 	/System/Library/Frameworks/ImageIO.framework/Versions/A/Resources/libTIFF.dylib
0x00007fff2efe2000 	/System/Library/Frameworks/ImageIO.framework/Versions/A/Resources/libPng.dylib
0x00007fff2ebff000 	/System/Library/Frameworks/ImageIO.framework/Versions/A/Resources/libGIF.dylib
0x00007fff2ec04000 	/System/Library/Frameworks/ImageIO.framework/Versions/A/Resources/libJP2.dylib
0x00007fff2f009000 	/System/Library/Frameworks/ImageIO.framework/Versions/A/Resources/libRadiance.dylib
0x00007fff3c965000 	/System/Library/PrivateFrameworks/AppleJPEG.framework/Versions/A/AppleJPEG
0x00007fff354c4000 	/System/Library/Frameworks/OpenGL.framework/Versions/A/Libraries/libGFXShared.dylib
0x00007fff35687000 	/System/Library/Frameworks/OpenGL.framework/Versions/A/Libraries/libGLU.dylib
0x00007fff354cd000 	/System/Library/Frameworks/OpenGL.framework/Versions/A/Libraries/libGL.dylib
0x00007fff354d9000 	/System/Library/Frameworks/OpenGL.framework/Versions/A/Libraries/libGLImage.dylib
0x00007fff354b6000 	/System/Library/Frameworks/OpenGL.framework/Versions/A/Libraries/libCVMSPluginSupport.dylib
0x00007fff354bf000 	/System/Library/Frameworks/OpenGL.framework/Versions/A/Libraries/libCoreVMClient.dylib
0x00007fff5721d000 	/usr/lib/libcups.2.dylib
0x00007fff30104000 	/System/Library/Frameworks/Kerberos.framework/Versions/A/Kerberos
0x00007fff2e6b4000 	/System/Library/Frameworks/GSS.framework/Versions/A/GSS
0x00007fff58989000 	/usr/lib/libresolv.9.dylib
0x00007fff57415000 	/usr/lib/libiconv.2.dylib
0x00007fff48a23000 	/System/Library/PrivateFrameworks/Heimdal.framework/Versions/A/Heimdal
0x00007fff573e4000 	/usr/lib/libheimdal-asn1.dylib
0x00007fff34b47000 	/System/Library/Frameworks/OpenDirectory.framework/Versions/A/OpenDirectory
0x00007fff3f228000 	/System/Library/PrivateFrameworks/CommonAuth.framework/Versions/A/CommonAuth
0x00007fff34b2a000 	/System/Library/Frameworks/OpenDirectory.framework/Versions/A/Frameworks/CFOpenDirectory.framework/Versions/A/CFOpenDirectory
0x00007fff37cb5000 	/System/Library/Frameworks/SecurityFoundation.framework/Versions/A/SecurityFoundation
0x00007fff3b415000 	/System/Library/PrivateFrameworks/APFS.framework/Versions/A/APFS
0x00007fff58e59000 	/usr/lib/libutil.dylib
0x00007fff568b9000 	/usr/lib/libcharset.1.dylib
0x00007fff3cc01000 	/System/Library/PrivateFrameworks/AppleSauce.framework/Versions/A/AppleSauce
0x00007fff3cd8f000 	/System/Library/PrivateFrameworks/AssertionServices.framework/Versions/A/AssertionServices
0x00007fff3d602000 	/System/Library/PrivateFrameworks/BaseBoard.framework/Versions/A/BaseBoard
0x00007fff577e9000 	/usr/lib/libmecab.1.0.0.dylib
0x00007fff573de000 	/usr/lib/libgermantok.dylib
0x00007fff5667c000 	/usr/lib/libThaiTokenizer.dylib
0x00007fff561a3000 	/usr/lib/libChineseTokenizer.dylib
0x00007fff4a5bf000 	/System/Library/PrivateFrameworks/LanguageModeling.framework/Versions/A/LanguageModeling
0x00007fff3ff42000 	/System/Library/PrivateFrameworks/CoreEmoji.framework/Versions/A/CoreEmoji
0x00007fff4a6b7000 	/System/Library/PrivateFrameworks/Lexicon.framework/Versions/A/Lexicon
0x00007fff4a6ff000 	/System/Library/PrivateFrameworks/LinguisticData.framework/Versions/A/LinguisticData
0x00007fff568ba000 	/usr/lib/libcmph.dylib
0x00007fff37d76000 	/System/Library/Frameworks/ServiceManagement.framework/Versions/A/ServiceManagement
0x00007fff3d555000 	/System/Library/PrivateFrameworks/BackgroundTaskManagement.framework/Versions/A/BackgroundTaskManagement
0x00007fff58f53000 	/usr/lib/libxslt.1.dylib
0x00007fff2b4c9000 	/System/Library/Frameworks/Carbon.framework/Versions/A/Frameworks/Ink.framework/Versions/A/Ink
0x00007fff54137000 	/System/Library/PrivateFrameworks/TextureIO.framework/Versions/A/TextureIO
0x00007fff566d1000 	/usr/lib/libate.dylib
0x00007fff41291000 	/System/Library/PrivateFrameworks/CrashReporterSupport.framework/Versions/A/CrashReporterSupport
0x00007fff51158000 	/System/Library/PrivateFrameworks/Sharing.framework/Versions/A/Sharing
0x00007fff3d0e1000 	/System/Library/PrivateFrameworks/AuthKit.framework/Versions/A/AuthKit
0x00007fff3c504000 	/System/Library/PrivateFrameworks/Apple80211.framework/Versions/A/Apple80211
0x00007fff41051000 	/System/Library/PrivateFrameworks/CoreUtils.framework/Versions/A/CoreUtils
0x00007fff2dd94000 	/System/Library/Frameworks/CoreWLAN.framework/Versions/A/CoreWLAN
0x00007fff2e7fe000 	/System/Library/Frameworks/IOBluetooth.framework/Versions/A/IOBluetooth
0x00007fff4f476000 	/System/Library/PrivateFrameworks/ProtocolBuffer.framework/Versions/A/ProtocolBuffer
0x00007fff4b6c9000 	/System/Library/PrivateFrameworks/MobileKeyBag.framework/Versions/A/MobileKeyBag
0x00007fff40869000 	/System/Library/PrivateFrameworks/CorePhoneNumbers.framework/Versions/A/CorePhoneNumbers
0x00007fff3c919000 	/System/Library/PrivateFrameworks/AppleIDAuthSupport.framework/Versions/A/AppleIDAuthSupport
0x00007fff4a590000 	/System/Library/PrivateFrameworks/KeychainCircle.framework/Versions/A/KeychainCircle
0x00007fff4f643000 	/System/Library/PrivateFrameworks/ROCKit.framework/Versions/A/ROCKit
0x00007fff4122d000 	/System/Library/PrivateFrameworks/CoreWiFi.framework/Versions/A/CoreWiFi
0x00007fff2ba38000 	/System/Library/Frameworks/CoreBluetooth.framework/Versions/A/CoreBluetooth
0x00007fff41481000 	/System/Library/PrivateFrameworks/DebugSymbols.framework/Versions/A/DebugSymbols
0x00007fff40e06000 	/System/Library/PrivateFrameworks/CoreSymbolication.framework/Versions/A/CoreSymbolication
0x00007fff53921000 	/System/Library/PrivateFrameworks/Symbolication.framework/Versions/A/Symbolication
0x00007fff52ab3000 	/System/Library/PrivateFrameworks/SpeechRecognitionCore.framework/Versions/A/SpeechRecognitionCore
0x000000010fa00000 	/Library/Java/JavaVirtualMachines/jdk1.8.0_191.jdk/Contents/Home/jre/lib/server/libjvm.dylib
0x00007fff58d1d000 	/usr/lib/libstdc++.6.dylib
0x000000010e0ad000 	/Library/Java/JavaVirtualMachines/jdk1.8.0_191.jdk/Contents/Home/jre/lib/libverify.dylib
0x000000010e0bb000 	/Library/Java/JavaVirtualMachines/jdk1.8.0_191.jdk/Contents/Home/jre/lib/libjava.dylib
0x000000010e13b000 	/Library/Java/JavaVirtualMachines/jdk1.8.0_191.jdk/Contents/Home/jre/lib/libzip.dylib
0x000000012c17a000 	/Library/Java/JavaVirtualMachines/jdk1.8.0_191.jdk/Contents/Home/jre/lib/libprism_es2.dylib
0x00007fff40a00000 	/System/Library/PrivateFrameworks/CoreServicesInternal.framework/Versions/A/CoreServicesInternal
0x00007fff36084000 	/System/Library/Frameworks/OpenGL.framework/Versions/A/Resources/GLEngine.bundle/GLEngine
0x00007fff35514000 	/System/Library/Frameworks/OpenGL.framework/Versions/A/Libraries/libGLProgrammability.dylib
0x00007fff246eb000 	/System/Library/Extensions/AppleIntelKBLGraphicsGLDriver.bundle/Contents/MacOS/AppleIntelKBLGraphicsGLDriver
0x00007fff47a47000 	/System/Library/PrivateFrameworks/GPUSupport.framework/Versions/A/Libraries/libGPUSupportMercury.dylib
0x000000012c6e4000 	/System/Library/Extensions/AMDRadeonX4000GLDriver.bundle/Contents/MacOS/AMDRadeonX4000GLDriver
0x00007fff2224d000 	/System/Library/Extensions/AMDRadeonX4000GLDriver.bundle/Contents/MacOS/ATIRadeonX4000SCLib.dylib
0x00007fff3621b000 	/System/Library/Frameworks/OpenGL.framework/Versions/A/Resources/GLRendererFloat.bundle/GLRendererFloat
0x00007fff34ac8000 	/System/Library/Frameworks/OpenCL.framework/Versions/A/Libraries/libcldcpuengine.dylib
0x00007fff56d45000 	/usr/lib/libcrypto.35.dylib
0x00007fff542b8000 	/System/Library/PrivateFrameworks/TrustEvaluationAgent.framework/Versions/A/TrustEvaluationAgent
0x000000012c89b000 	/Library/Java/JavaVirtualMachines/jdk1.8.0_191.jdk/Contents/Home/jre/lib/libglass.dylib
0x00007fff21d85000 	/System/Library/CoreServices/RawCamera.bundle/Contents/MacOS/RawCamera
0x00007fff4b532000 	/System/Library/PrivateFrameworks/MobileAsset.framework/Versions/A/MobileAsset
0x00007fff531a5000 	/System/Library/PrivateFrameworks/StreamingZip.framework/Versions/A/StreamingZip
0x00007fff3049f000 	/System/Library/Frameworks/MediaToolbox.framework/Versions/A/MediaToolbox
0x00007fff3fac7000 	/System/Library/PrivateFrameworks/CoreAVCHD.framework/Versions/A/CoreAVCHD
0x00007fff303db000 	/System/Library/Frameworks/MediaAccessibility.framework/Versions/A/MediaAccessibility
0x00007fff4af64000 	/System/Library/PrivateFrameworks/Mangrove.framework/Versions/A/Mangrove
0x00007fff2d048000 	/System/Library/Frameworks/CoreMedia.framework/Versions/A/CoreMedia
0x00007fff38408000 	/System/Library/Frameworks/VideoToolbox.framework/Versions/A/VideoToolbox
0x00007fff3f6ef000 	/System/Library/PrivateFrameworks/CoreAUC.framework/Versions/A/CoreAUC
0x00007fff589f3000 	/usr/lib/libspindump.dylib
0x00007fff3ccf4000 	/System/Library/PrivateFrameworks/AppleVA.framework/Versions/A/AppleVA
0x00007fff2821d000 	/System/Library/Frameworks/Accelerate.framework/Versions/A/Frameworks/vImage.framework/Versions/A/Libraries/libCGInterfaces.dylib
0x00007fff42a90000 	/System/Library/PrivateFrameworks/FamilyControls.framework/Versions/A/FamilyControls
0x00007fff3f21b000 	/System/Library/PrivateFrameworks/CommerceKit.framework/Versions/A/Frameworks/CommerceCore.framework/Versions/A/CommerceCore
0x00007fff53c0a000 	/System/Library/PrivateFrameworks/SystemAdministration.framework/Versions/A/SystemAdministration
0x00007fff3c3fe000 	/System/Library/PrivateFrameworks/AppContainer.framework/Versions/A/AppContainer
0x00007fff3c41b000 	/System/Library/PrivateFrameworks/AppSandbox.framework/Versions/A/AppSandbox
0x00007fff50ff0000 	/System/Library/PrivateFrameworks/SecCodeWrapper.framework/Versions/A/SecCodeWrapper
0x00007fff589a3000 	/usr/lib/libsandbox.1.dylib
0x00007fff5645b000 	/usr/lib/libMatch.1.dylib
0x00007fff41821000 	/System/Library/PrivateFrameworks/DiskManagement.framework/Versions/A/DiskManagement
0x00007fff2dfba000 	/System/Library/Frameworks/DirectoryService.framework/Versions/A/DirectoryService
0x00007fff4174e000 	/System/Library/PrivateFrameworks/DiskImages.framework/Versions/A/DiskImages
0x00007fff4a7fe000 	/System/Library/PrivateFrameworks/LoginUIKit.framework/Versions/A/Frameworks/LoginUICore.framework/Versions/A/LoginUICore
0x00007fff561af000 	/usr/lib/libCoreStorage.dylib
0x00007fff57209000 	/usr/lib/libcsfde.dylib
0x00007fff58820000 	/usr/lib/libodfde.dylib
0x00007fff4b085000 	/System/Library/PrivateFrameworks/MediaKit.framework/Versions/A/MediaKit
0x00007fff2dfc6000 	/System/Library/Frameworks/DiscRecording.framework/Versions/A/DiscRecording
0x00007fff4198e000 	/System/Library/PrivateFrameworks/EFILogin.framework/Versions/A/EFILogin
0x00007fff4f41e000 	/System/Library/PrivateFrameworks/ProtectedCloudStorage.framework/Versions/A/ProtectedCloudStorage
0x00007fff5729e000 	/usr/lib/libcurl.4.dylib
0x00007fff57070000 	/usr/lib/libcrypto.42.dylib
0x00007fff58ccf000 	/usr/lib/libssl.44.dylib
0x00007fff3011e000 	/System/Library/Frameworks/LDAP.framework/Versions/A/LDAP
0x00007fff589e0000 	/usr/lib/libsasl2.2.dylib
0x00007fff3fd26000 	/System/Library/PrivateFrameworks/CoreDaemon.framework/Versions/B/CoreDaemon
0x00007fff3cbfc000 	/System/Library/PrivateFrameworks/AppleSRP.framework/Versions/A/AppleSRP
0x00007fff55168000 	/System/Library/PrivateFrameworks/ViewBridge.framework/Versions/A/ViewBridge
0x000000012c6d8000 	/usr/lib/libobjc-trampolines.dylib
0x000000012f56b000 	/Library/Java/JavaVirtualMachines/jdk1.8.0_191.jdk/Contents/Home/jre/lib/libjavafx_font.dylib
0x00007fff2a5a3000 	/System/Library/Frameworks/ApplicationServices.framework/Versions/A/Frameworks/ATS.framework/Versions/A/Resources/libTrueTypeScaler.dylib
0x00007fff22101000 	/System/Library/Extensions/AMDMTLBronzeDriver.bundle/Contents/MacOS/AMDMTLBronzeDriver
0x00007fff49e7e000 	/System/Library/PrivateFrameworks/IOAccelMemoryInfo.framework/Versions/A/IOAccelMemoryInfo
0x00007fff254cc000 	/System/Library/Extensions/AppleIntelKBLGraphicsMTLDriver.bundle/Contents/MacOS/AppleIntelKBLGraphicsMTLDriver
0x00007fff463a8000 	/System/Library/PrivateFrameworks/GPUCompiler.framework/Versions/3902/Libraries/libmetal_timestamp.dylib
0x00000001365b3000 	/Library/Java/JavaVirtualMachines/jdk1.8.0_191.jdk/Contents/Home/jre/lib/libprism_common.dylib
0x00007fff55eae000 	/System/Library/PrivateFrameworks/login.framework/Versions/A/login
0x0000000130a60000 	/Library/Java/JavaVirtualMachines/jdk1.8.0_191.jdk/Contents/Home/jre/lib/libnet.dylib
0x000000012f422000 	/Library/Java/JavaVirtualMachines/jdk1.8.0_191.jdk/Contents/Home/jre/lib/libawt.dylib
0x00000001311ca000 	/Library/Java/JavaVirtualMachines/jdk1.8.0_191.jdk/Contents/Home/jre/lib/./libmlib_image.dylib
0x00007fff300ed000 	/System/Library/Frameworks/JavaVM.framework/Versions/A/Frameworks/JavaNativeFoundation.framework/Versions/A/JavaNativeFoundation
0x00007fff300f6000 	/System/Library/Frameworks/JavaVM.framework/Versions/A/Frameworks/JavaRuntimeSupport.framework/Versions/A/JavaRuntimeSupport
0x00007fff300ff000 	/System/Library/Frameworks/JavaVM.framework/Versions/A/JavaVM
0x00007fff4a4a7000 	/System/Library/PrivateFrameworks/JavaLaunching.framework/Versions/A/JavaLaunching
0x00007fff2b1b2000 	/System/Library/Frameworks/Carbon.framework/Versions/A/Carbon
0x00007fff2b1b3000 	/System/Library/Frameworks/Carbon.framework/Versions/A/Frameworks/CommonPanels.framework/Versions/A/CommonPanels
0x00007fff2b4bf000 	/System/Library/Frameworks/Carbon.framework/Versions/A/Frameworks/Help.framework/Versions/A/Help
0x00007fff2b4c3000 	/System/Library/Frameworks/Carbon.framework/Versions/A/Frameworks/ImageCapture.framework/Versions/A/ImageCapture
0x00007fff2b55e000 	/System/Library/Frameworks/Carbon.framework/Versions/A/Frameworks/OpenScripting.framework/Versions/A/OpenScripting
0x00007fff2b599000 	/System/Library/Frameworks/Carbon.framework/Versions/A/Frameworks/Print.framework/Versions/A/Print
0x00007fff2b59b000 	/System/Library/Frameworks/Carbon.framework/Versions/A/Frameworks/SecurityHI.framework/Versions/A/SecurityHI
0x0000000131296000 	/Library/Java/JavaVirtualMachines/jdk1.8.0_191.jdk/Contents/Home/jre/lib/libawt_lwawt.dylib
0x000000012f4cc000 	/Library/Java/JavaVirtualMachines/jdk1.8.0_191.jdk/Contents/Home/jre/lib/./libosxapp.dylib
0x00007fff2e24d000 	/System/Library/Frameworks/ExceptionHandling.framework/Versions/A/ExceptionHandling

VM Arguments:
jvm_args: -Dfile.encoding=UTF-8 
java_command: application.Main
java_class_path (initial): /Users/fransisakeklund/git/BustedJack_FX/bin:/Users/fransisakeklund/.p2/pool/plugins/org.eclipse.fx.ide.css.jfx8_3.5.0.201902220800.jar
Launcher Type: SUN_STANDARD

Environment Variables:
PATH=/usr/bin:/bin:/usr/sbin:/sbin
SHELL=/bin/bash

Signal Handlers:
SIGSEGV: [libjvm.dylib+0x5b5de9], sa_mask[0]=11111111011111110111111111111111, sa_flags=SA_ONSTACK|SA_RESTART|SA_SIGINFO
SIGBUS: [libjvm.dylib+0x5b5de9], sa_mask[0]=11111111011111110111111111111111, sa_flags=SA_RESTART|SA_SIGINFO
SIGFPE: [libjvm.dylib+0x48b6b0], sa_mask[0]=11111111011111110111111111111111, sa_flags=SA_RESTART|SA_SIGINFO
SIGPIPE: [libjvm.dylib+0x48b6b0], sa_mask[0]=11111111011111110111111111111111, sa_flags=SA_RESTART|SA_SIGINFO
SIGXFSZ: [libjvm.dylib+0x48b6b0], sa_mask[0]=11111111011111110111111111111111, sa_flags=SA_RESTART|SA_SIGINFO
SIGILL: [libjvm.dylib+0x48b6b0], sa_mask[0]=11111111011111110111111111111111, sa_flags=SA_RESTART|SA_SIGINFO
SIGUSR1: SIG_DFL, sa_mask[0]=00000000000000000000000000000000, sa_flags=none
SIGUSR2: [libjvm.dylib+0x48b1ce], sa_mask[0]=00100000000000000000000000000000, sa_flags=SA_RESTART|SA_SIGINFO
SIGHUP: [libjvm.dylib+0x489759], sa_mask[0]=11111111011111110111111111111111, sa_flags=SA_RESTART|SA_SIGINFO
SIGINT: [libjvm.dylib+0x489759], sa_mask[0]=11111111011111110111111111111111, sa_flags=SA_RESTART|SA_SIGINFO
SIGTERM: [libjvm.dylib+0x489759], sa_mask[0]=11111111011111110111111111111111, sa_flags=SA_RESTART|SA_SIGINFO
SIGQUIT: [libjvm.dylib+0x489759], sa_mask[0]=11111111011111110111111111111111, sa_flags=SA_RESTART|SA_SIGINFO


---------------  S Y S T E M  ---------------

OS:Bsduname:Darwin 18.2.0 Darwin Kernel Version 18.2.0: Thu Dec 20 20:46:53 PST 2018; root:xnu-4903.241.1~1/RELEASE_X86_64 x86_64
rlimit: STACK 8192k, CORE 0k, NPROC 1418, NOFILE 10240, AS infinity
load average:2.22 1.78 1.63

CPU:total 12 (initial active 12) (6 cores per cpu, 2 threads per core) family 6 model 158 stepping 10, cmov, cx8, fxsr, mmx, sse, sse2, sse3, ssse3, sse4.1, sse4.2, popcnt, avx, avx2, aes, clmul, erms, 3dnowpref, lzcnt, ht, tsc, tscinvbit, bmi1, bmi2, adx

Memory: 4k page, physical 16777216k(2809484k free)

/proc/meminfo:


vm_info: Java HotSpot(TM) 64-Bit Server VM (25.191-b12) for bsd-amd64 JRE (1.8.0_191-b12), built on Oct  6 2018 08:37:07 by "java_re" with gcc 4.2.1 (Based on Apple Inc. build 5658) (LLVM build 2336.11.00)

time: Wed May 22 13:32:10 2019
elapsed time: 47 seconds (0d 0h 0m 47s)

